#
# A fatal error has been detected by the Java Runtime Environment:
#
#  EXCEPTION_ACCESS_VIOLATION (0xc0000005) at pc=0x00007ffc07c7c468, pid=47516, tid=47544
#
# JRE version: OpenJDK Runtime Environment Temurin-21.0.7+6 (21.0.7+6) (build 21.0.7+6-LTS)
# Java VM: OpenJDK 64-Bit Server VM Temurin-21.0.7+6 (21.0.7+6-LTS, mixed mode, sharing, tiered, compressed oops, compressed class ptrs, parallel gc, windows-amd64)
# Problematic frame:
# V  [jvm.dll+0xc468]
#
# No core dump will be written. Minidumps are not enabled by default on client versions of Windows
#
# If you would like to submit a bug report, please visit:
#   https://github.com/adoptium/adoptium-support/issues
#

---------------  S U M M A R Y ------------

Command Line: --add-modules=ALL-SYSTEM --add-opens=java.base/java.util=ALL-UNNAMED --add-opens=java.base/java.lang=ALL-UNNAMED --add-opens=java.base/sun.nio.fs=ALL-UNNAMED -Declipse.application=org.eclipse.jdt.ls.core.id1 -Dosgi.bundles.defaultStartLevel=4 -Declipse.product=org.eclipse.jdt.ls.core.product -Djava.import.generatesMetadataFilesAtProjectRoot=false -DDetectVMInstallationsJob.disabled=true -Dfile.encoding=utf8 -XX:+UseParallelGC -XX:GCTimeRatio=4 -XX:AdaptiveSizePolicyWeight=90 -Dsun.zip.disableMemoryMapping=true -Xmx1G -Xms100m -Xlog:disable -javaagent:c:\Users\hemant11ks\.vscode\extensions\redhat.java-1.42.0-win32-x64\lombok\lombok-1.18.36.jar -XX:+HeapDumpOnOutOfMemoryError -XX:HeapDumpPath=c:\Users\hemant11ks\AppData\Roaming\Code\User\workspaceStorage\962715961072f75c3eb1a2e68c81d834\redhat.java -Daether.dependencyCollector.impl=bf c:\Users\hemant11ks\.vscode\extensions\redhat.java-1.42.0-win32-x64\server\plugins\org.eclipse.equinox.launcher_1.7.0.v20250424-1814.jar -configuration c:\Users\hemant11ks\AppData\Roaming\Code\User\globalStorage\redhat.java\1.42.0\config_win -data c:\Users\hemant11ks\AppData\Roaming\Code\User\workspaceStorage\962715961072f75c3eb1a2e68c81d834\redhat.java\jdt_ws --pipe=\\.\pipe\lsp-8d007a50ad283fe72fbdec8b7124d84a-sock

Host: AMD Ryzen 5 3550H with Radeon Vega Mobile Gfx  , 8 cores, 5G,  Windows 11 , 64 bit Build 22621 (10.0.22621.5305)
Time: Sun Jun  1 00:20:48 2025 India Standard Time elapsed time: 13121.901713 seconds (0d 3h 38m 41s)

---------------  T H R E A D  ---------------

Current thread (0x000002ae6d37b5b0):  WorkerThread "GC Thread#4"    [id=47544, stack(0x000000ba48600000,0x000000ba48700000) (1024K)]

Stack: [0x000000ba48600000,0x000000ba48700000],  sp=0x000000ba486ff598,  free space=1021k
Native frames: (J=compiled Java code, j=interpreted, Vv=VM code, C=native code)
V  [jvm.dll+0xc468]


siginfo: EXCEPTION_ACCESS_VIOLATION (0xc0000005), reading address 0x000002af11d80008


Registers:
RAX=0x0000000000000001, RBX=0x00000000c5ee304e, RCX=0x0000000000000000, RDX=0x00000000c5ee304e
RSP=0x000000ba486ff598, RBP=0x000000ba486ff680, RSI=0x00000000c5ee3008, RDI=0x000002ae1206fcd0
R8 =0x000002af11d80000, R9 =0x0000000000000014, R10=0x0000000000000051, R11=0x0000000000000004
R12=0x00007ffc088a8140, R13=0x000000ba486ff828, R14=0x000002ae2700e9d0, R15=0x00000000c5ee2ff0
RIP=0x00007ffc07c7c468, EFLAGS=0x0000000000010206

XMM[0]=0x000000ba490ff760 0x0000020000000000
XMM[1]=0x0000000000000000 0x000000ba490ff580
XMM[2]=0x0000000000000000 0x0000000000000000
XMM[3]=0x0000000000000000 0x0000000000000000
XMM[4]=0x0000000000000000 0x0000000000000000
XMM[5]=0x0000000000000000 0x0000000000000000
XMM[6]=0x0000000000000000 0x0000000000000000
XMM[7]=0x0000000000000000 0x0000000000000000
XMM[8]=0x0000000000000000 0x0000000000000000
XMM[9]=0x0000000000000000 0x0000000000000000
XMM[10]=0x0000000000000000 0x0000000000000000
XMM[11]=0x0000000000000000 0x0000000000000000
XMM[12]=0x0000000000000000 0x0000000000000000
XMM[13]=0x0000000000000000 0x0000000000000000
XMM[14]=0x0000000000000000 0x0000000000000000
XMM[15]=0x0000000000000000 0x0000000000000000
  MXCSR=0x00001fa0


Register to memory mapping:

RAX=0x0000000000000001 is an unknown value
RBX=
[error occurred during error reporting (printing register info), id 0xc0000005, EXCEPTION_ACCESS_VIOLATION (0xc0000005) at pc=0x00007ffc0834cb56]
RCX=0x0 is null
RDX=
[error occurred during error reporting (printing register info, attempt 2), id 0xc0000005, EXCEPTION_ACCESS_VIOLATION (0xc0000005) at pc=0x00007ffc0834cb56]
RSP=0x000000ba486ff598 points into unknown readable memory: 0x00007ffc0834a6be | be a6 34 08 fc 7f 00 00
RBP=0x000000ba486ff680 points into unknown readable memory: 0x00007ffc086fb460 | 60 b4 6f 08 fc 7f 00 00
RSI=
[error occurred during error reporting (printing register info, attempt 3), id 0xc0000005, EXCEPTION_ACCESS_VIOLATION (0xc0000005) at pc=0x00007ffc0834cb56]
Top of Stack: (sp=0x000000ba486ff598)
0x000000ba486ff598:   00007ffc0834a6be 00000000c5ee2fc0
0x000000ba486ff5a8:   000002ae1206fcd0 000000ba486ff680
0x000000ba486ff5b8:   00007ffc083496f9 00000000c5ee304e
0x000000ba486ff5c8:   00007ffc08347ee6 000002ae6f4ee938
0x000000ba486ff5d8:   00007ffc0834a79a 00000000c5ee2ff0
0x000000ba486ff5e8:   00000000c5ee2fe8 000002ae2700e9c8
0x000000ba486ff5f8:   00007ffc0834879e 00000000c5ee3004
0x000000ba486ff608:   00007ffc08372768 0000000000000000
0x000000ba486ff618:   00007ffc088a8140 00007ffc086fb460
0x000000ba486ff628:   0000000000000000 00000000c5ee2ff0
0x000000ba486ff638:   00007ffc08373233 0000000000000917
0x000000ba486ff648:   000002ae1206fcd0 00007ffc0865a4e0
0x000000ba486ff658:   0000000000000000 0000000000000000
0x000000ba486ff668:   0000000000000000 0000000000000000
0x000000ba486ff678:   0000000000000000 00007ffc086fb460
0x000000ba486ff688:   000002ae11fdb230 0000000000000004
0x000000ba486ff698:   000002ae1206fcd0 000002ae6de67220
0x000000ba486ff6a8:   000002ae6d4a69d8 00000000000003d8
0x000000ba486ff6b8:   0000000000000000 000002ae6d4a65f0
0x000000ba486ff6c8:   00007ffc08372928 000002ae6de67220
0x000000ba486ff6d8:   000000ba486ff750 000002ae6d37b0b0
0x000000ba486ff6e8:   000002ae1206fcd0 000000ba486ff740
0x000000ba486ff6f8:   000000ba486ff750 0000000000000000
0x000000ba486ff708:   0000000000000000 000002ae6d4a6600
0x000000ba486ff718:   00007ffc08376dbd 000002ae1206fcd0
0x000000ba486ff728:   000002ae6d4a65f0 000002ae6d37b0b0
0x000000ba486ff738:   000002ae1206fcd0 00007ffc086fbcd0
0x000000ba486ff748:   000002ae1206fcd0 00007ffc08698c68
0x000000ba486ff758:   000000ba486ff740 0000000000000000
0x000000ba486ff768:   00007ffc0837e301 0000000000000001
0x000000ba486ff778:   000002ae6de67220 000000ba478fe870
0x000000ba486ff788:   000002ae1206fcd0 000002ae703933f8 

Instructions: (pc=0x00007ffc07c7c468)
0x00007ffc07c7c368:   8b 5c 24 30 48 8b c2 48 83 c4 20 5f c3 cc cc cc
0x00007ffc07c7c378:   cc cc cc cc cc cc cc cc 48 8b 11 e9 08 f6 ff ff
0x00007ffc07c7c388:   cc cc cc cc cc cc cc cc 4c 8b c1 ba 64 60 08 00
0x00007ffc07c7c398:   48 8b 0d c1 a5 c7 00 e9 5c ea ff ff cc cc cc cc
0x00007ffc07c7c3a8:   cc cc cc cc cc cc cc cc 48 8b 05 81 f3 cc 00 48
0x00007ffc07c7c3b8:   8b d1 48 23 c1 48 a9 00 f0 00 00 75 5d 48 8b 05
0x00007ffc07c7c3c8:   64 f3 cc 00 48 23 c1 48 a9 00 f0 00 00 75 43 0f
0x00007ffc07c7c3d8:   b6 c2 24 30 3c 30 74 3a 48 c1 e9 0c 48 8d 05 45
0x00007ffc07c7c3e8:   eb 93 00 83 e1 0f 8b 0c 88 48 8b 05 00 f3 cc 00
0x00007ffc07c7c3f8:   48 d3 ea 48 c1 e8 15 48 c1 ea 15 48 23 d0 48 8b
0x00007ffc07c7c408:   05 e3 f5 cc 00 48 8b 48 60 48 8b 04 d1 48 85 c0
0x00007ffc07c7c418:   75 08 48 8b 05 d7 f5 cc 00 c3 48 8b 05 c7 f5 cc
0x00007ffc07c7c428:   00 c3 cc cc cc cc cc cc 8b 05 82 cb c1 00 c3 cc
0x00007ffc07c7c438:   cc cc cc cc cc cc cc cc 0f b6 05 db e1 c1 00 48
0x00007ffc07c7c448:   8b d1 84 c0 74 16 44 8b 41 08 8b 0d 60 cb c1 00
0x00007ffc07c7c458:   49 d3 e0 4c 03 05 4e cb c1 00 eb 04 4c 8b 41 08
0x00007ffc07c7c468:   45 8b 48 08 45 85 c9 7e 0e 41 f6 c1 01 75 53 41
0x00007ffc07c7c478:   c1 f9 03 49 63 c1 c3 79 49 84 c0 41 b8 0c 00 00
0x00007ffc07c7c488:   00 8b 05 99 dc c1 00 b9 10 00 00 00 41 0f 45 c8
0x00007ffc07c7c498:   ff c8 4c 63 c0 41 8b c1 48 c1 f8 10 0f b6 c0 48
0x00007ffc07c7c4a8:   63 14 11 41 8b c9 83 e1 3f 48 d3 e2 49 8d 0c 10
0x00007ffc07c7c4b8:   49 f7 d0 48 03 c1 49 c1 e8 03 48 c1 e8 03 49 23
0x00007ffc07c7c4c8:   c0 c3 49 8b 00 49 8b c8 48 ff a0 00 01 00 00 cc
0x00007ffc07c7c4d8:   cc cc cc cc cc cc cc cc 8b 44 24 30 45 03 c9 44
0x00007ffc07c7c4e8:   2b 4c 24 28 83 c0 0b 44 03 ca 45 03 c8 41 03 c1
0x00007ffc07c7c4f8:   c3 cc cc cc cc cc cc cc 4c 8b c2 48 8b d1 45 8b
0x00007ffc07c7c508:   48 08 45 85 c9 7e 0e 41 f6 c1 01 75 56 41 c1 f9
0x00007ffc07c7c518:   03 49 63 c1 c3 79 4c 80 3d fc e0 c1 00 00 b8 0c
0x00007ffc07c7c528:   00 00 00 b9 10 00 00 00 0f 45 c8 8b 05 ef db c1
0x00007ffc07c7c538:   00 ff c8 4c 63 c0 41 8b c1 48 c1 f8 10 48 63 14
0x00007ffc07c7c548:   11 41 8b c9 83 e1 3f 0f b6 c0 48 d3 e2 49 8d 0c
0x00007ffc07c7c558:   10 49 f7 d0 48 03 c1 49 c1 e8 03 48 c1 e8 03 49 


Stack slot to memory mapping:

stack at sp + 0 slots: 0x00007ffc0834a6be jvm.dll
stack at sp + 1 slots: 0x00000000c5ee2fc0 is an oop: [[Ljava.lang.String; 
{0x00000000c5ee2fc0} - klass: 'java/lang/String'[][]
 - length: 1
stack at sp + 2 slots: 0x000002ae1206fcd0 points into unknown readable memory: 0x000002ae262dd870 | 70 d8 2d 26 ae 02 00 00
stack at sp + 3 slots: 0x000000ba486ff680 points into unknown readable memory: 0x00007ffc086fb460 | 60 b4 6f 08 fc 7f 00 00
stack at sp + 4 slots: 0x00007ffc083496f9 jvm.dll
stack at sp + 5 slots: 
[error occurred during error reporting (inspecting top of stack), id 0xc0000005, EXCEPTION_ACCESS_VIOLATION (0xc0000005) at pc=0x00007ffc0834cb56]
stack at sp + 6 slots: 0x00007ffc08347ee6 jvm.dll
stack at sp + 7 slots: 0x000002ae6f4ee938 points into unknown readable memory: 0x00000000c6e7abc8 | c8 ab e7 c6 00 00 00 00


---------------  P R O C E S S  ---------------

Threads class SMR info:
_java_thread_list=0x000002ae6ec731a0, length=51, elements={
0x000002ae11fd5190, 0x000002ae1208cc10, 0x000002ae26383f70, 0x000002ae26385230,
0x000002ae263863c0, 0x000002ae2638a710, 0x000002ae2638d270, 0x000002ae2638dff0,
0x000002ae263be450, 0x000002ae6d0cc1f0, 0x000002ae6d2e9120, 0x000002ae6d7b0a30,
0x000002ae6d79c9e0, 0x000002ae6d720f90, 0x000002ae6da6fb80, 0x000002ae6de67f40,
0x000002ae6de69980, 0x000002ae6de67220, 0x000002ae6de685d0, 0x000002ae6f4b20c0,
0x000002ae6f4b1a30, 0x000002ae6f4ae5b0, 0x000002ae6f4b4eb0, 0x000002ae6f4af960,
0x000002ae6f4aec40, 0x000002ae6f4af2d0, 0x000002ae6f4afff0, 0x000002ae6f4adf20,
0x000002ae6f4b5540, 0x000002ae6f4b0d10, 0x000002ae6f4b13a0, 0x000002ae6f4b3470,
0x000002ae6ec2b120, 0x000002ae6fc194f0, 0x000002ae6fc17ab0, 0x000002ae6fc16070,
0x000002ae6fc18140, 0x000002ae6ec2d1f0, 0x000002ae6ec29d70, 0x000002ae6ec28330,
0x000002ae6ec2b7b0, 0x000002ae6ec26f80, 0x000002ae6ec26260, 0x000002ae6ec289c0,
0x000002ae6ec2be40, 0x000002ae6ec2c4d0, 0x000002ae6ec29050, 0x000002ae6ec2a400,
0x000002ae6d4b6470, 0x000002ae6d4b5de0, 0x000002ae6d4b4a30
}

Java Threads: ( => current thread )
  0x000002ae11fd5190 JavaThread "main"                              [_thread_blocked, id=47616, stack(0x000000ba47500000,0x000000ba47600000) (1024K)]
  0x000002ae1208cc10 JavaThread "Reference Handler"          daemon [_thread_blocked, id=47420, stack(0x000000ba47900000,0x000000ba47a00000) (1024K)]
  0x000002ae26383f70 JavaThread "Finalizer"                  daemon [_thread_blocked, id=47612, stack(0x000000ba47a00000,0x000000ba47b00000) (1024K)]
  0x000002ae26385230 JavaThread "Signal Dispatcher"          daemon [_thread_blocked, id=47896, stack(0x000000ba47b00000,0x000000ba47c00000) (1024K)]
  0x000002ae263863c0 JavaThread "Attach Listener"            daemon [_thread_blocked, id=47900, stack(0x000000ba47c00000,0x000000ba47d00000) (1024K)]
  0x000002ae2638a710 JavaThread "Service Thread"             daemon [_thread_blocked, id=47904, stack(0x000000ba47d00000,0x000000ba47e00000) (1024K)]
  0x000002ae2638d270 JavaThread "Monitor Deflation Thread"   daemon [_thread_blocked, id=47856, stack(0x000000ba47e00000,0x000000ba47f00000) (1024K)]
  0x000002ae2638dff0 JavaThread "C2 CompilerThread0"         daemon [_thread_blocked, id=47848, stack(0x000000ba47f00000,0x000000ba48000000) (1024K)]
  0x000002ae263be450 JavaThread "C1 CompilerThread0"         daemon [_thread_blocked, id=47844, stack(0x000000ba48000000,0x000000ba48100000) (1024K)]
  0x000002ae6d0cc1f0 JavaThread "Common-Cleaner"             daemon [_thread_blocked, id=47940, stack(0x000000ba48100000,0x000000ba48200000) (1024K)]
  0x000002ae6d2e9120 JavaThread "Notification Thread"        daemon [_thread_blocked, id=42176, stack(0x000000ba48200000,0x000000ba48300000) (1024K)]
  0x000002ae6d7b0a30 JavaThread "Active Thread: Equinox Container: 3ceafdca-5e9f-4ae9-9856-1d4d21cf024d"        [_thread_blocked, id=47788, stack(0x000000ba48f00000,0x000000ba49000000) (1024K)]
  0x000002ae6d79c9e0 JavaThread "Framework Event Dispatcher: Equinox Container: 3ceafdca-5e9f-4ae9-9856-1d4d21cf024d" daemon [_thread_blocked, id=46512, stack(0x000000ba48900000,0x000000ba48a00000) (1024K)]
  0x000002ae6d720f90 JavaThread "Start Level: Equinox Container: 3ceafdca-5e9f-4ae9-9856-1d4d21cf024d" daemon [_thread_blocked, id=44404, stack(0x000000ba48a00000,0x000000ba48b00000) (1024K)]
  0x000002ae6da6fb80 JavaThread "Refresh Thread: Equinox Container: 3ceafdca-5e9f-4ae9-9856-1d4d21cf024d" daemon [_thread_blocked, id=47572, stack(0x000000ba48c00000,0x000000ba48d00000) (1024K)]
  0x000002ae6de67f40 JavaThread "Bundle File Closer"         daemon [_thread_blocked, id=48124, stack(0x000000ba49600000,0x000000ba49700000) (1024K)]
  0x000002ae6de69980 JavaThread "SCR Component Actor"        daemon [_thread_blocked, id=46312, stack(0x000000ba48d00000,0x000000ba48e00000) (1024K)]
  0x000002ae6de67220 JavaThread "Worker-JM"                         [_thread_blocked, id=38216, stack(0x000000ba49000000,0x000000ba49100000) (1024K)]
  0x000002ae6de685d0 JavaThread "Java indexing"              daemon [_thread_blocked, id=46852, stack(0x000000ba49500000,0x000000ba49600000) (1024K)]
  0x000002ae6f4b20c0 JavaThread "JNA Cleaner"                daemon [_thread_blocked, id=43684, stack(0x000000ba49700000,0x000000ba49800000) (1024K)]
  0x000002ae6f4b1a30 JavaThread "Thread-2"                   daemon [_thread_in_native, id=46200, stack(0x000000ba49a00000,0x000000ba49b00000) (1024K)]
  0x000002ae6f4ae5b0 JavaThread "Thread-3"                   daemon [_thread_in_native, id=47696, stack(0x000000ba49b00000,0x000000ba49c00000) (1024K)]
  0x000002ae6f4b4eb0 JavaThread "Thread-4"                   daemon [_thread_in_native, id=47628, stack(0x000000ba49c00000,0x000000ba49d00000) (1024K)]
  0x000002ae6f4af960 JavaThread "Thread-5"                   daemon [_thread_in_native, id=47528, stack(0x000000ba49d00000,0x000000ba49e00000) (1024K)]
  0x000002ae6f4aec40 JavaThread "Thread-6"                   daemon [_thread_in_native, id=47316, stack(0x000000ba49e00000,0x000000ba49f00000) (1024K)]
  0x000002ae6f4af2d0 JavaThread "Thread-7"                   daemon [_thread_in_native, id=47524, stack(0x000000ba49f00000,0x000000ba4a000000) (1024K)]
  0x000002ae6f4afff0 JavaThread "Thread-8"                   daemon [_thread_blocked, id=47780, stack(0x000000ba4a000000,0x000000ba4a100000) (1024K)]
  0x000002ae6f4adf20 JavaThread "Thread-9"                   daemon [_thread_in_native, id=47364, stack(0x000000ba4a100000,0x000000ba4a200000) (1024K)]
  0x000002ae6f4b5540 JavaThread "Thread-10"                  daemon [_thread_in_native, id=47532, stack(0x000000ba4a200000,0x000000ba4a300000) (1024K)]
  0x000002ae6f4b0d10 JavaThread "pool-2-thread-1"                   [_thread_blocked, id=45940, stack(0x000000ba4a300000,0x000000ba4a400000) (1024K)]
  0x000002ae6f4b13a0 JavaThread "WorkspaceEventsHandler"            [_thread_blocked, id=47804, stack(0x000000ba4a500000,0x000000ba4a600000) (1024K)]
  0x000002ae6f4b3470 JavaThread "pool-1-thread-1"                   [_thread_blocked, id=47744, stack(0x000000ba4a600000,0x000000ba4a700000) (1024K)]
  0x000002ae6ec2b120 JavaThread "Cleaner-0"                  daemon [_thread_blocked, id=48332, stack(0x000000ba49800000,0x000000ba49900000) (1024K)]
  0x000002ae6fc194f0 JavaThread "Worker-14"                         [_thread_blocked, id=53832, stack(0x000000ba49100000,0x000000ba49200000) (1024K)]
  0x000002ae6fc17ab0 JavaThread "Worker-16"                         [_thread_blocked, id=55088, stack(0x000000ba47400000,0x000000ba47500000) (1024K)]
  0x000002ae6fc16070 JavaThread "ForkJoinPool.commonPool-worker-10" daemon [_thread_blocked, id=53120, stack(0x000000ba47200000,0x000000ba47300000) (1024K)]
  0x000002ae6fc18140 JavaThread "ForkJoinPool.commonPool-worker-11" daemon [_thread_blocked, id=55988, stack(0x000000ba47300000,0x000000ba47400000) (1024K)]
  0x000002ae6ec2d1f0 JavaThread "ForkJoinPool.commonPool-worker-12" daemon [_thread_blocked, id=53452, stack(0x000000ba48e00000,0x000000ba48f00000) (1024K)]
  0x000002ae6ec29d70 JavaThread "ForkJoinPool.commonPool-worker-13" daemon [_thread_blocked, id=55588, stack(0x000000ba49200000,0x000000ba49300000) (1024K)]
  0x000002ae6ec28330 JavaThread "ForkJoinPool.commonPool-worker-14" daemon [_thread_blocked, id=41776, stack(0x000000ba49300000,0x000000ba49400000) (1024K)]
  0x000002ae6ec2b7b0 JavaThread "ForkJoinPool.commonPool-worker-15" daemon [_thread_blocked, id=55408, stack(0x000000ba49400000,0x000000ba49500000) (1024K)]
  0x000002ae6ec26f80 JavaThread "ForkJoinPool.commonPool-worker-16" daemon [_thread_blocked, id=54868, stack(0x000000ba49900000,0x000000ba49a00000) (1024K)]
  0x000002ae6ec26260 JavaThread "Worker-17"                         [_thread_blocked, id=49832, stack(0x000000ba4a400000,0x000000ba4a500000) (1024K)]
  0x000002ae6ec289c0 JavaThread "Compiler Source File Reader" daemon [_thread_blocked, id=53336, stack(0x000000ba4a700000,0x000000ba4a800000) (1024K)]
  0x000002ae6ec2be40 JavaThread "Compiler Processing Task"   daemon [_thread_blocked, id=53288, stack(0x000000ba4a800000,0x000000ba4a900000) (1024K)]
  0x000002ae6ec2c4d0 JavaThread "Worker-18"                         [_thread_blocked, id=52448, stack(0x000000ba4a900000,0x000000ba4aa00000) (1024K)]
  0x000002ae6ec29050 JavaThread "Compiler Source File Reader" daemon [_thread_blocked, id=54132, stack(0x000000ba4aa00000,0x000000ba4ab00000) (1024K)]
  0x000002ae6ec2a400 JavaThread "Compiler Source File Reader" daemon [_thread_blocked, id=56108, stack(0x000000ba4ab00000,0x000000ba4ac00000) (1024K)]
  0x000002ae6d4b6470 JavaThread "Compiler Source File Reader" daemon [_thread_blocked, id=55556, stack(0x000000ba4ac00000,0x000000ba4ad00000) (1024K)]
  0x000002ae6d4b5de0 JavaThread "Compiler Source File Reader" daemon [_thread_blocked, id=51388, stack(0x000000ba4ad00000,0x000000ba4ae00000) (1024K)]
  0x000002ae6d4b4a30 JavaThread "Compiler Source File Reader" daemon [_thread_blocked, id=52764, stack(0x000000ba4ae00000,0x000000ba4af00000) (1024K)]
Total: 51

Other Threads:
  0x000002ae12070e30 VMThread "VM Thread"                           [id=41480, stack(0x000000ba47800000,0x000000ba47900000) (1024K)]
  0x000002ae12041e30 WatcherThread "VM Periodic Task Thread"        [id=47728, stack(0x000000ba47700000,0x000000ba47800000) (1024K)]
  0x000002ae11ff43b0 WorkerThread "GC Thread#0"                     [id=47672, stack(0x000000ba47600000,0x000000ba47700000) (1024K)]
  0x000002ae6d414090 WorkerThread "GC Thread#1"                     [id=47644, stack(0x000000ba48300000,0x000000ba48400000) (1024K)]
  0x000002ae6d558640 WorkerThread "GC Thread#2"                     [id=47464, stack(0x000000ba48400000,0x000000ba48500000) (1024K)]
  0x000002ae6d455ec0 WorkerThread "GC Thread#3"                     [id=47592, stack(0x000000ba48500000,0x000000ba48600000) (1024K)]
=>0x000002ae6d37b5b0 WorkerThread "GC Thread#4"                     [id=47544, stack(0x000000ba48600000,0x000000ba48700000) (1024K)]
  0x000002ae6d37b950 WorkerThread "GC Thread#5"                     [id=47700, stack(0x000000ba48700000,0x000000ba48800000) (1024K)]
  0x000002ae6d5be9b0 WorkerThread "GC Thread#6"                     [id=47536, stack(0x000000ba48800000,0x000000ba48900000) (1024K)]
  0x000002ae263bcf90 WorkerThread "GC Thread#7"                     [id=44976, stack(0x000000ba48b00000,0x000000ba48c00000) (1024K)]
Total: 10

Threads with active compile tasks:
Total: 0

VM state: at safepoint (normal execution)

VM Mutex/Monitor currently owned by a thread:  ([mutex/lock_event])
[0x00007ffc0891e308] Threads_lock - owner thread: 0x000002ae12070e30
[0x00007ffc0891e408] Heap_lock - owner thread: 0x000002ae6ec2b7b0

Heap address: 0x00000000c0000000, size: 1024 MB, Compressed Oops mode: 32-bit

CDS archive(s) mapped at: [0x000002ae27000000-0x000002ae27ba0000-0x000002ae27ba0000), size 12189696, SharedBaseAddress: 0x000002ae27000000, ArchiveRelocationMode: 1.
Compressed class space mapped at: 0x000002ae28000000-0x000002ae68000000, reserved size: 1073741824
Narrow klass base: 0x000002ae27000000, Narrow klass shift: 0, Narrow klass range: 0x100000000

GC Precious Log:
 CardTable entry size: 512
 CPUs: 8 total, 8 available
 Memory: 6019M
 Large Page Support: Disabled
 NUMA Support: Disabled
 Compressed Oops: Enabled (32-bit)
 Alignments: Space 512K, Generation 512K, Heap 2M
 Heap Min Capacity: 100M
 Heap Initial Capacity: 100M
 Heap Max Capacity: 1G
 Pre-touch: Disabled
 Parallel Workers: 8

Heap:
 PSYoungGen      total 2560K, used 2432K [0x00000000eab00000, 0x00000000eaf80000, 0x0000000100000000)
  eden space 2048K, 100% used [0x00000000eab00000,0x00000000ead00000,0x00000000ead00000)
  from space 512K, 75% used [0x00000000eaf00000,0x00000000eaf60000,0x00000000eaf80000)
  to   space 1024K, 0% used [0x00000000ead80000,0x00000000ead80000,0x00000000eae80000)
 ParOldGen       total 698368K, used 698190K [0x00000000c0000000, 0x00000000eaa00000, 0x00000000eab00000)
  object space 698368K, 99% used [0x00000000c0000000,0x00000000ea9d3808,0x00000000eaa00000)
 Metaspace       used 86029K, committed 87488K, reserved 1179648K
  class space    used 8356K, committed 9088K, reserved 1048576K

Card table byte_map: [0x000002ae119a0000,0x000002ae11bb0000] _byte_map_base: 0x000002ae113a0000

Marking Bits: (ParMarkBitMap*) 0x00007ffc089231f0
 Begin Bits: [0x000002ae241c0000, 0x000002ae251c0000)
 End Bits:   [0x000002ae251c0000, 0x000002ae261c0000)

Polling page: 0x000002ae11790000

Metaspace:

Usage:
  Non-class:     75.85 MB used.
      Class:      8.16 MB used.
       Both:     84.01 MB used.

Virtual space:
  Non-class space:      128.00 MB reserved,      76.56 MB ( 60%) committed,  2 nodes.
      Class space:        1.00 GB reserved,       8.88 MB ( <1%) committed,  1 nodes.
             Both:        1.12 GB reserved,      85.44 MB (  7%) committed. 

Chunk freelists:
   Non-Class:  3.14 MB
       Class:  7.10 MB
        Both:  10.24 MB

MaxMetaspaceSize: unlimited
CompressedClassSpaceSize: 1.00 GB
Initial GC threshold: 21.00 MB
Current GC threshold: 141.69 MB
CDS: on
 - commit_granule_bytes: 65536.
 - commit_granule_words: 8192.
 - virtual_space_node_default_size: 8388608.
 - enlarge_chunks_in_place: 1.
 - use_allocation_guard: 0.


Internal statistics:

num_allocs_failed_limit: 9.
num_arena_births: 1674.
num_arena_deaths: 372.
num_vsnodes_births: 3.
num_vsnodes_deaths: 0.
num_space_committed: 1367.
num_space_uncommitted: 0.
num_chunks_returned_to_freelist: 435.
num_chunks_taken_from_freelist: 6078.
num_chunk_merges: 95.
num_chunk_splits: 3456.
num_chunks_enlarged: 1768.
num_inconsistent_stats: 0.

CodeHeap 'non-profiled nmethods': size=120000Kb used=14460Kb max_used=16302Kb free=105539Kb
 bounds [0x000002ae1cc90000, 0x000002ae1dc80000, 0x000002ae241c0000]
CodeHeap 'profiled nmethods': size=120000Kb used=28654Kb max_used=40509Kb free=91345Kb
 bounds [0x000002ae151c0000, 0x000002ae17950000, 0x000002ae1c6f0000]
CodeHeap 'non-nmethods': size=5760Kb used=1520Kb max_used=1588Kb free=4239Kb
 bounds [0x000002ae1c6f0000, 0x000002ae1c960000, 0x000002ae1cc90000]
 total_blobs=12600 nmethods=11765 adapters=738
 compilation: enabled
              stopped_count=0, restarted_count=0
 full_count=0

Compilation events (20 events):
Event: 13120.246 Thread 0x000002ae263be450 23996       3       org.eclipse.jdt.internal.core.dom.util.DOMASTUtil::isFeatureSupportedinAST (50 bytes)
Event: 13120.247 Thread 0x000002ae263be450 nmethod 23996 0x000002ae158aa690 code [0x000002ae158aa840, 0x000002ae158aaab8]
Event: 13120.741 Thread 0x000002ae263be450 23998   !   3       org.eclipse.jdt.internal.core.dom.rewrite.LineInformation$1::getLineOfOffset (14 bytes)
Event: 13120.742 Thread 0x000002ae263be450 nmethod 23998 0x000002ae158e9b90 code [0x000002ae158e9d40, 0x000002ae158e9f60]
Event: 13120.742 Thread 0x000002ae263be450 23999   !   3       org.eclipse.jdt.internal.core.dom.rewrite.LineInformation$1::getLineOffset (14 bytes)
Event: 13120.743 Thread 0x000002ae263be450 nmethod 23999 0x000002ae15ad1a90 code [0x000002ae15ad1c40, 0x000002ae15ad1e60]
Event: 13120.968 Thread 0x000002ae2638dff0 24000       4       java.util.concurrent.ConcurrentLinkedQueue::add (6 bytes)
Event: 13120.992 Thread 0x000002ae2638dff0 nmethod 24000 0x000002ae1cd43f10 code [0x000002ae1cd440a0, 0x000002ae1cd44310]
Event: 13121.031 Thread 0x000002ae2638dff0 24001       4       java.lang.invoke.MethodType::parameterSlotCount (8 bytes)
Event: 13121.033 Thread 0x000002ae2638dff0 nmethod 24001 0x000002ae1cea4810 code [0x000002ae1cea49a0, 0x000002ae1cea4a40]
Event: 13121.252 Thread 0x000002ae2638dff0 24002       4       java.util.Formatter$FormatSpecifier::appendJustified (89 bytes)
Event: 13121.273 Thread 0x000002ae2638dff0 nmethod 24002 0x000002ae1d3cd810 code [0x000002ae1d3cda80, 0x000002ae1d3ce398]
Event: 13121.541 Thread 0x000002ae263be450 24003       3       java.util.stream.Collectors$$Lambda/0x800000039::accept (14 bytes)
Event: 13121.542 Thread 0x000002ae263be450 nmethod 24003 0x000002ae15717590 code [0x000002ae15717740, 0x000002ae15717a10]
Event: 13121.587 Thread 0x000002ae263be450 24004   !   3       org.eclipse.osgi.storage.bundlefile.MRUBundleFileList::add (273 bytes)
Event: 13121.595 Thread 0x000002ae263be450 nmethod 24004 0x000002ae15713190 code [0x000002ae157134c0, 0x000002ae15714820]
Event: 13121.651 Thread 0x000002ae2638dff0 24005       4       java.lang.invoke.DelegatingMethodHandle::makeReinvokerForm (326 bytes)
Event: 13121.735 Thread 0x000002ae2638dff0 nmethod 24005 0x000002ae1d1c0610 code [0x000002ae1d1c0940, 0x000002ae1d1c1ce8]
Event: 13121.737 Thread 0x000002ae2638dff0 24006       4       org.eclipse.lsp4j.Location::<init> (31 bytes)
Event: 13121.741 Thread 0x000002ae2638dff0 nmethod 24006 0x000002ae1d1ae090 code [0x000002ae1d1ae220, 0x000002ae1d1ae358]

GC Heap History (20 events):
Event: 13120.407 GC heap after
{Heap after GC invocations=5318 (full 9):
 PSYoungGen      total 3584K, used 384K [0x00000000eab00000, 0x00000000eb100000, 0x0000000100000000)
  eden space 2560K, 0% used [0x00000000eab00000,0x00000000eab00000,0x00000000ead80000)
  from space 1024K, 37% used [0x00000000eaf00000,0x00000000eaf60000,0x00000000eb000000)
  to   space 512K, 0% used [0x00000000eb080000,0x00000000eb080000,0x00000000eb100000)
 ParOldGen       total 687104K, used 686860K [0x00000000c0000000, 0x00000000e9f00000, 0x00000000eab00000)
  object space 687104K, 99% used [0x00000000c0000000,0x00000000e9ec3060,0x00000000e9f00000)
 Metaspace       used 85979K, committed 87488K, reserved 1179648K
  class space    used 8349K, committed 9088K, reserved 1048576K
}
Event: 13120.725 GC heap before
{Heap before GC invocations=5319 (full 9):
 PSYoungGen      total 3584K, used 2944K [0x00000000eab00000, 0x00000000eb100000, 0x0000000100000000)
  eden space 2560K, 100% used [0x00000000eab00000,0x00000000ead80000,0x00000000ead80000)
  from space 1024K, 37% used [0x00000000eaf00000,0x00000000eaf60000,0x00000000eb000000)
  to   space 512K, 0% used [0x00000000eb080000,0x00000000eb080000,0x00000000eb100000)
 ParOldGen       total 687104K, used 686860K [0x00000000c0000000, 0x00000000e9f00000, 0x00000000eab00000)
  object space 687104K, 99% used [0x00000000c0000000,0x00000000e9ec3060,0x00000000e9f00000)
 Metaspace       used 85979K, committed 87488K, reserved 1179648K
  class space    used 8349K, committed 9088K, reserved 1048576K
}
Event: 13120.732 GC heap after
{Heap after GC invocations=5319 (full 9):
 PSYoungGen      total 3072K, used 160K [0x00000000eab00000, 0x00000000eb100000, 0x0000000100000000)
  eden space 2560K, 0% used [0x00000000eab00000,0x00000000eab00000,0x00000000ead80000)
  from space 512K, 31% used [0x00000000eb080000,0x00000000eb0a8000,0x00000000eb100000)
  to   space 512K, 0% used [0x00000000eb000000,0x00000000eb000000,0x00000000eb080000)
 ParOldGen       total 687104K, used 686908K [0x00000000c0000000, 0x00000000e9f00000, 0x00000000eab00000)
  object space 687104K, 99% used [0x00000000c0000000,0x00000000e9ecf060,0x00000000e9f00000)
 Metaspace       used 85979K, committed 87488K, reserved 1179648K
  class space    used 8349K, committed 9088K, reserved 1048576K
}
Event: 13120.983 GC heap before
{Heap before GC invocations=5320 (full 9):
 PSYoungGen      total 3072K, used 2720K [0x00000000eab00000, 0x00000000eb100000, 0x0000000100000000)
  eden space 2560K, 100% used [0x00000000eab00000,0x00000000ead80000,0x00000000ead80000)
  from space 512K, 31% used [0x00000000eb080000,0x00000000eb0a8000,0x00000000eb100000)
  to   space 512K, 0% used [0x00000000eb000000,0x00000000eb000000,0x00000000eb080000)
 ParOldGen       total 687104K, used 686908K [0x00000000c0000000, 0x00000000e9f00000, 0x00000000eab00000)
  object space 687104K, 99% used [0x00000000c0000000,0x00000000e9ecf060,0x00000000e9f00000)
 Metaspace       used 85979K, committed 87488K, reserved 1179648K
  class space    used 8349K, committed 9088K, reserved 1048576K
}
Event: 13120.991 GC heap after
{Heap after GC invocations=5320 (full 9):
 PSYoungGen      total 3072K, used 499K [0x00000000eab00000, 0x00000000eb100000, 0x0000000100000000)
  eden space 2560K, 0% used [0x00000000eab00000,0x00000000eab00000,0x00000000ead80000)
  from space 512K, 97% used [0x00000000eb000000,0x00000000eb07ce10,0x00000000eb080000)
  to   space 512K, 0% used [0x00000000eb080000,0x00000000eb080000,0x00000000eb100000)
 ParOldGen       total 687616K, used 687191K [0x00000000c0000000, 0x00000000e9f80000, 0x00000000eab00000)
  object space 687616K, 99% used [0x00000000c0000000,0x00000000e9f15e70,0x00000000e9f80000)
 Metaspace       used 85979K, committed 87488K, reserved 1179648K
  class space    used 8349K, committed 9088K, reserved 1048576K
}
Event: 13121.017 GC heap before
{Heap before GC invocations=5321 (full 9):
 PSYoungGen      total 3072K, used 3059K [0x00000000eab00000, 0x00000000eb100000, 0x0000000100000000)
  eden space 2560K, 100% used [0x00000000eab00000,0x00000000ead80000,0x00000000ead80000)
  from space 512K, 97% used [0x00000000eb000000,0x00000000eb07ce10,0x00000000eb080000)
  to   space 512K, 0% used [0x00000000eb080000,0x00000000eb080000,0x00000000eb100000)
 ParOldGen       total 687616K, used 687191K [0x00000000c0000000, 0x00000000e9f80000, 0x00000000eab00000)
  object space 687616K, 99% used [0x00000000c0000000,0x00000000e9f15e70,0x00000000e9f80000)
 Metaspace       used 85979K, committed 87488K, reserved 1179648K
  class space    used 8349K, committed 9088K, reserved 1048576K
}
Event: 13121.026 GC heap after
{Heap after GC invocations=5321 (full 9):
 PSYoungGen      total 2560K, used 512K [0x00000000eab00000, 0x00000000eb480000, 0x0000000100000000)
  eden space 2048K, 0% used [0x00000000eab00000,0x00000000eab00000,0x00000000ead00000)
  from space 512K, 100% used [0x00000000eb080000,0x00000000eb100000,0x00000000eb100000)
  to   space 3584K, 0% used [0x00000000ead00000,0x00000000ead00000,0x00000000eb080000)
 ParOldGen       total 689664K, used 689563K [0x00000000c0000000, 0x00000000ea180000, 0x00000000eab00000)
  object space 689664K, 99% used [0x00000000c0000000,0x00000000ea166c90,0x00000000ea180000)
 Metaspace       used 85979K, committed 87488K, reserved 1179648K
  class space    used 8349K, committed 9088K, reserved 1048576K
}
Event: 13121.039 GC heap before
{Heap before GC invocations=5322 (full 9):
 PSYoungGen      total 2560K, used 2560K [0x00000000eab00000, 0x00000000eb480000, 0x0000000100000000)
  eden space 2048K, 100% used [0x00000000eab00000,0x00000000ead00000,0x00000000ead00000)
  from space 512K, 100% used [0x00000000eb080000,0x00000000eb100000,0x00000000eb100000)
  to   space 3584K, 0% used [0x00000000ead00000,0x00000000ead00000,0x00000000eb080000)
 ParOldGen       total 689664K, used 689563K [0x00000000c0000000, 0x00000000ea180000, 0x00000000eab00000)
  object space 689664K, 99% used [0x00000000c0000000,0x00000000ea166c90,0x00000000ea180000)
 Metaspace       used 85979K, committed 87488K, reserved 1179648K
  class space    used 8349K, committed 9088K, reserved 1048576K
}
Event: 13121.045 GC heap after
{Heap after GC invocations=5322 (full 9):
 PSYoungGen      total 3584K, used 1536K [0x00000000eab00000, 0x00000000eb100000, 0x0000000100000000)
  eden space 2048K, 0% used [0x00000000eab00000,0x00000000eab00000,0x00000000ead00000)
  from space 1536K, 100% used [0x00000000ead00000,0x00000000eae80000,0x00000000eae80000)
  to   space 2048K, 0% used [0x00000000eaf00000,0x00000000eaf00000,0x00000000eb100000)
 ParOldGen       total 690176K, used 690123K [0x00000000c0000000, 0x00000000ea200000, 0x00000000eab00000)
  object space 690176K, 99% used [0x00000000c0000000,0x00000000ea1f2c90,0x00000000ea200000)
 Metaspace       used 85979K, committed 87488K, reserved 1179648K
  class space    used 8349K, committed 9088K, reserved 1048576K
}
Event: 13121.063 GC heap before
{Heap before GC invocations=5323 (full 9):
 PSYoungGen      total 3584K, used 3448K [0x00000000eab00000, 0x00000000eb100000, 0x0000000100000000)
  eden space 2048K, 93% used [0x00000000eab00000,0x00000000eacde1d8,0x00000000ead00000)
  from space 1536K, 100% used [0x00000000ead00000,0x00000000eae80000,0x00000000eae80000)
  to   space 2048K, 0% used [0x00000000eaf00000,0x00000000eaf00000,0x00000000eb100000)
 ParOldGen       total 690176K, used 690123K [0x00000000c0000000, 0x00000000ea200000, 0x00000000eab00000)
  object space 690176K, 99% used [0x00000000c0000000,0x00000000ea1f2c90,0x00000000ea200000)
 Metaspace       used 85979K, committed 87488K, reserved 1179648K
  class space    used 8349K, committed 9088K, reserved 1048576K
}
Event: 13121.074 GC heap after
{Heap after GC invocations=5323 (full 9):
 PSYoungGen      total 4096K, used 1776K [0x00000000eab00000, 0x00000000eb180000, 0x0000000100000000)
  eden space 2048K, 0% used [0x00000000eab00000,0x00000000eab00000,0x00000000ead00000)
  from space 2048K, 86% used [0x00000000eaf00000,0x00000000eb0bc000,0x00000000eb100000)
  to   space 2048K, 0% used [0x00000000ead00000,0x00000000ead00000,0x00000000eaf00000)
 ParOldGen       total 691712K, used 691555K [0x00000000c0000000, 0x00000000ea380000, 0x00000000eab00000)
  object space 691712K, 99% used [0x00000000c0000000,0x00000000ea358ca0,0x00000000ea380000)
 Metaspace       used 85979K, committed 87488K, reserved 1179648K
  class space    used 8349K, committed 9088K, reserved 1048576K
}
Event: 13121.143 GC heap before
{Heap before GC invocations=5324 (full 9):
 PSYoungGen      total 4096K, used 3824K [0x00000000eab00000, 0x00000000eb180000, 0x0000000100000000)
  eden space 2048K, 100% used [0x00000000eab00000,0x00000000ead00000,0x00000000ead00000)
  from space 2048K, 86% used [0x00000000eaf00000,0x00000000eb0bc000,0x00000000eb100000)
  to   space 2048K, 0% used [0x00000000ead00000,0x00000000ead00000,0x00000000eaf00000)
 ParOldGen       total 691712K, used 691556K [0x00000000c0000000, 0x00000000ea380000, 0x00000000eab00000)
  object space 691712K, 99% used [0x00000000c0000000,0x00000000ea359068,0x00000000ea380000)
 Metaspace       used 85980K, committed 87488K, reserved 1179648K
  class space    used 8349K, committed 9088K, reserved 1048576K
}
Event: 13121.151 GC heap after
{Heap after GC invocations=5324 (full 9):
 PSYoungGen      total 4096K, used 1958K [0x00000000eab00000, 0x00000000eb180000, 0x0000000100000000)
  eden space 2048K, 0% used [0x00000000eab00000,0x00000000eab00000,0x00000000ead00000)
  from space 2048K, 95% used [0x00000000ead00000,0x00000000eaee99e0,0x00000000eaf00000)
  to   space 2048K, 0% used [0x00000000eaf80000,0x00000000eaf80000,0x00000000eb180000)
 ParOldGen       total 693248K, used 692900K [0x00000000c0000000, 0x00000000ea500000, 0x00000000eab00000)
  object space 693248K, 99% used [0x00000000c0000000,0x00000000ea4a9068,0x00000000ea500000)
 Metaspace       used 85980K, committed 87488K, reserved 1179648K
  class space    used 8349K, committed 9088K, reserved 1048576K
}
Event: 13121.163 GC heap before
{Heap before GC invocations=5325 (full 9):
 PSYoungGen      total 4096K, used 4006K [0x00000000eab00000, 0x00000000eb180000, 0x0000000100000000)
  eden space 2048K, 100% used [0x00000000eab00000,0x00000000ead00000,0x00000000ead00000)
  from space 2048K, 95% used [0x00000000ead00000,0x00000000eaee99e0,0x00000000eaf00000)
  to   space 2048K, 0% used [0x00000000eaf80000,0x00000000eaf80000,0x00000000eb180000)
 ParOldGen       total 693248K, used 692903K [0x00000000c0000000, 0x00000000ea500000, 0x00000000eab00000)
  object space 693248K, 99% used [0x00000000c0000000,0x00000000ea4a9e18,0x00000000ea500000)
 Metaspace       used 85984K, committed 87488K, reserved 1179648K
  class space    used 8349K, committed 9088K, reserved 1048576K
}
Event: 13121.171 GC heap after
{Heap after GC invocations=5325 (full 9):
 PSYoungGen      total 4096K, used 2048K [0x00000000eab00000, 0x00000000eb280000, 0x0000000100000000)
  eden space 2048K, 0% used [0x00000000eab00000,0x00000000eab00000,0x00000000ead00000)
  from space 2048K, 100% used [0x00000000eaf80000,0x00000000eb180000,0x00000000eb180000)
  to   space 2560K, 0% used [0x00000000ead00000,0x00000000ead00000,0x00000000eaf80000)
 ParOldGen       total 694784K, used 694750K [0x00000000c0000000, 0x00000000ea680000, 0x00000000eab00000)
  object space 694784K, 99% used [0x00000000c0000000,0x00000000ea677808,0x00000000ea680000)
 Metaspace       used 85984K, committed 87488K, reserved 1179648K
  class space    used 8349K, committed 9088K, reserved 1048576K
}
Event: 13121.243 GC heap before
{Heap before GC invocations=5326 (full 9):
 PSYoungGen      total 4096K, used 4095K [0x00000000eab00000, 0x00000000eb280000, 0x0000000100000000)
  eden space 2048K, 99% used [0x00000000eab00000,0x00000000eacffff8,0x00000000ead00000)
  from space 2048K, 100% used [0x00000000eaf80000,0x00000000eb180000,0x00000000eb180000)
  to   space 2560K, 0% used [0x00000000ead00000,0x00000000ead00000,0x00000000eaf80000)
 ParOldGen       total 694784K, used 694750K [0x00000000c0000000, 0x00000000ea680000, 0x00000000eab00000)
  object space 694784K, 99% used [0x00000000c0000000,0x00000000ea677808,0x00000000ea680000)
 Metaspace       used 86010K, committed 87488K, reserved 1179648K
  class space    used 8352K, committed 9088K, reserved 1048576K
}
Event: 13121.250 GC heap after
{Heap after GC invocations=5326 (full 9):
 PSYoungGen      total 4096K, used 1552K [0x00000000eab00000, 0x00000000eb100000, 0x0000000100000000)
  eden space 2048K, 0% used [0x00000000eab00000,0x00000000eab00000,0x00000000ead00000)
  from space 2048K, 75% used [0x00000000ead00000,0x00000000eae84000,0x00000000eaf00000)
  to   space 2048K, 0% used [0x00000000eaf00000,0x00000000eaf00000,0x00000000eb100000)
 ParOldGen       total 696832K, used 696726K [0x00000000c0000000, 0x00000000ea880000, 0x00000000eab00000)
  object space 696832K, 99% used [0x00000000c0000000,0x00000000ea865808,0x00000000ea880000)
 Metaspace       used 86010K, committed 87488K, reserved 1179648K
  class space    used 8352K, committed 9088K, reserved 1048576K
}
Event: 13121.625 GC heap before
{Heap before GC invocations=5327 (full 9):
 PSYoungGen      total 4096K, used 3600K [0x00000000eab00000, 0x00000000eb100000, 0x0000000100000000)
  eden space 2048K, 100% used [0x00000000eab00000,0x00000000ead00000,0x00000000ead00000)
  from space 2048K, 75% used [0x00000000ead00000,0x00000000eae84000,0x00000000eaf00000)
  to   space 2048K, 0% used [0x00000000eaf00000,0x00000000eaf00000,0x00000000eb100000)
 ParOldGen       total 696832K, used 696726K [0x00000000c0000000, 0x00000000ea880000, 0x00000000eab00000)
  object space 696832K, 99% used [0x00000000c0000000,0x00000000ea865808,0x00000000ea880000)
 Metaspace       used 86025K, committed 87488K, reserved 1179648K
  class space    used 8355K, committed 9088K, reserved 1048576K
}
Event: 13121.635 GC heap after
{Heap after GC invocations=5327 (full 9):
 PSYoungGen      total 2560K, used 384K [0x00000000eab00000, 0x00000000eaf80000, 0x0000000100000000)
  eden space 2048K, 0% used [0x00000000eab00000,0x00000000eab00000,0x00000000ead00000)
  from space 512K, 75% used [0x00000000eaf00000,0x00000000eaf60000,0x00000000eaf80000)
  to   space 1024K, 0% used [0x00000000ead80000,0x00000000ead80000,0x00000000eae80000)
 ParOldGen       total 698368K, used 698190K [0x00000000c0000000, 0x00000000eaa00000, 0x00000000eab00000)
  object space 698368K, 99% used [0x00000000c0000000,0x00000000ea9d3808,0x00000000eaa00000)
 Metaspace       used 86025K, committed 87488K, reserved 1179648K
  class space    used 8355K, committed 9088K, reserved 1048576K
}
Event: 13121.742 GC heap before
{Heap before GC invocations=5328 (full 10):
 PSYoungGen      total 2560K, used 2432K [0x00000000eab00000, 0x00000000eaf80000, 0x0000000100000000)
  eden space 2048K, 100% used [0x00000000eab00000,0x00000000ead00000,0x00000000ead00000)
  from space 512K, 75% used [0x00000000eaf00000,0x00000000eaf60000,0x00000000eaf80000)
  to   space 1024K, 0% used [0x00000000ead80000,0x00000000ead80000,0x00000000eae80000)
 ParOldGen       total 698368K, used 698190K [0x00000000c0000000, 0x00000000eaa00000, 0x00000000eab00000)
  object space 698368K, 99% used [0x00000000c0000000,0x00000000ea9d3808,0x00000000eaa00000)
 Metaspace       used 86029K, committed 87488K, reserved 1179648K
  class space    used 8356K, committed 9088K, reserved 1048576K
}

Dll operation events (14 events):
Event: 0.031 Loaded shared library c:\Users\hemant11ks\.vscode\extensions\redhat.java-1.42.0-win32-x64\jre\21.0.7-win32-x86_64\bin\java.dll
Event: 0.332 Loaded shared library c:\Users\hemant11ks\.vscode\extensions\redhat.java-1.42.0-win32-x64\jre\21.0.7-win32-x86_64\bin\zip.dll
Event: 0.453 Loaded shared library C:\Users\hemant11ks\.vscode\extensions\redhat.java-1.42.0-win32-x64\jre\21.0.7-win32-x86_64\bin\instrument.dll
Event: 0.475 Loaded shared library C:\Users\hemant11ks\.vscode\extensions\redhat.java-1.42.0-win32-x64\jre\21.0.7-win32-x86_64\bin\net.dll
Event: 0.482 Loaded shared library C:\Users\hemant11ks\.vscode\extensions\redhat.java-1.42.0-win32-x64\jre\21.0.7-win32-x86_64\bin\nio.dll
Event: 0.493 Loaded shared library C:\Users\hemant11ks\.vscode\extensions\redhat.java-1.42.0-win32-x64\jre\21.0.7-win32-x86_64\bin\zip.dll
Event: 0.563 Loaded shared library C:\Users\hemant11ks\.vscode\extensions\redhat.java-1.42.0-win32-x64\jre\21.0.7-win32-x86_64\bin\jimage.dll
Event: 1.079 Loaded shared library c:\Users\hemant11ks\.vscode\extensions\redhat.java-1.42.0-win32-x64\jre\21.0.7-win32-x86_64\bin\verify.dll
Event: 18.660 Loaded shared library C:\Users\hemant11ks\AppData\Roaming\Code\User\globalStorage\redhat.java\1.42.0\config_win\org.eclipse.equinox.launcher\org.eclipse.equinox.launcher.win32.win32.x86_64_1.2.1300.v20250331-1702\eclipse_11911.dll
Event: 37.825 Loaded shared library C:\Users\hemant11ks\.vscode\extensions\redhat.java-1.42.0-win32-x64\jre\21.0.7-win32-x86_64\bin\management.dll
Event: 37.833 Loaded shared library C:\Users\hemant11ks\.vscode\extensions\redhat.java-1.42.0-win32-x64\jre\21.0.7-win32-x86_64\bin\management_ext.dll
Event: 41.303 Loaded shared library C:\Users\hemant11ks\AppData\Local\Temp\jna--987687713\jna233300658077169613.dll
Event: 42.485 Loaded shared library C:\Users\hemant11ks\.vscode\extensions\redhat.java-1.42.0-win32-x64\jre\21.0.7-win32-x86_64\bin\sunmscapi.dll
Event: 42.659 Loaded shared library C:\Users\hemant11ks\.vscode\extensions\redhat.java-1.42.0-win32-x64\jre\21.0.7-win32-x86_64\bin\extnet.dll

Deoptimization events (20 events):
Event: 13121.034 Thread 0x000002ae6ec2d1f0 Uncommon trap: trap_request=0xfffffff4 fr.pc=0x000002ae1dae73c8 relative=0x00000000000000a8
Event: 13121.034 Thread 0x000002ae6ec2d1f0 Uncommon trap: reason=null_check action=make_not_entrant pc=0x000002ae1dae73c8 method=com.google.gson.internal.bind.MapTypeAdapterFactory$Adapter.write(Lcom/google/gson/stream/JsonWriter;Ljava/lang/Object;)V @ 3 c2
Event: 13121.034 Thread 0x000002ae6ec2d1f0 DEOPT PACKING pc=0x000002ae1dae73c8 sp=0x000000ba48efeb00
Event: 13121.034 Thread 0x000002ae6ec2d1f0 DEOPT UNPACKING pc=0x000002ae1c743aa2 sp=0x000000ba48efea78 mode 2
Event: 13121.034 Thread 0x000002ae6ec2d1f0 Uncommon trap: trap_request=0xffffff45 fr.pc=0x000002ae1cff7e48 relative=0x0000000000001888
Event: 13121.034 Thread 0x000002ae6ec2d1f0 Uncommon trap: reason=unstable_if action=reinterpret pc=0x000002ae1cff7e48 method=com.google.gson.internal.bind.MapTypeAdapterFactory$Adapter.write(Lcom/google/gson/stream/JsonWriter;Ljava/util/Map;)V @ 1 c2
Event: 13121.034 Thread 0x000002ae6ec2d1f0 DEOPT PACKING pc=0x000002ae1cff7e48 sp=0x000000ba48efea00
Event: 13121.034 Thread 0x000002ae6ec2d1f0 DEOPT UNPACKING pc=0x000002ae1c743aa2 sp=0x000000ba48efe9e0 mode 2
Event: 13121.600 Thread 0x000002ae6f4b3470 Uncommon trap: trap_request=0xffffff45 fr.pc=0x000002ae1d31eac0 relative=0x0000000000000660
Event: 13121.600 Thread 0x000002ae6f4b3470 Uncommon trap: reason=unstable_if action=reinterpret pc=0x000002ae1d31eac0 method=org.eclipse.jdt.core.compiler.CharOperation.toStrings([[C)[Ljava/lang/String; @ 1 c2
Event: 13121.600 Thread 0x000002ae6f4b3470 DEOPT PACKING pc=0x000002ae1d31eac0 sp=0x000000ba4a6fd7a0
Event: 13121.600 Thread 0x000002ae6f4b3470 DEOPT UNPACKING pc=0x000002ae1c743aa2 sp=0x000000ba4a6fd788 mode 2
Event: 13121.622 Thread 0x000002ae6fc194f0 Uncommon trap: trap_request=0xffffffc6 fr.pc=0x000002ae1d38f0a0 relative=0x0000000000000240
Event: 13121.622 Thread 0x000002ae6fc194f0 Uncommon trap: reason=bimorphic_or_optimized_type_check action=maybe_recompile pc=0x000002ae1d38f0a0 method=org.eclipse.core.internal.dtree.DeltaDataTree.searchNodeAt(Lorg/eclipse/core/runtime/IPath;)Lorg/eclipse/core/internal/dtree/AbstractDataTreeNode; 
Event: 13121.622 Thread 0x000002ae6fc194f0 DEOPT PACKING pc=0x000002ae1d38f0a0 sp=0x000000ba491fe6d0
Event: 13121.622 Thread 0x000002ae6fc194f0 DEOPT UNPACKING pc=0x000002ae1c743aa2 sp=0x000000ba491fe658 mode 2
Event: 13121.649 Thread 0x000002ae6fc194f0 Uncommon trap: trap_request=0xffffff45 fr.pc=0x000002ae1d729f6c relative=0x00000000000034ac
Event: 13121.650 Thread 0x000002ae6fc194f0 Uncommon trap: reason=unstable_if action=reinterpret pc=0x000002ae1d729f6c method=org.eclipse.core.internal.resources.Container.findMember(Lorg/eclipse/core/runtime/IPath;Z)Lorg/eclipse/core/resources/IResource; @ 23 c2
Event: 13121.650 Thread 0x000002ae6fc194f0 DEOPT PACKING pc=0x000002ae1d729f6c sp=0x000000ba491fe6f0
Event: 13121.650 Thread 0x000002ae6fc194f0 DEOPT UNPACKING pc=0x000002ae1c743aa2 sp=0x000000ba491fe568 mode 2

Classes loaded (20 events):
Event: 421.932 Loading class java/util/regex/Pattern$Bound
Event: 421.933 Loading class java/util/regex/Pattern$Bound done
Event: 513.730 Loading class java/nio/channels/CompletionHandler
Event: 513.731 Loading class java/nio/channels/CompletionHandler done
Event: 615.570 Loading class java/util/stream/ReferencePipeline$15
Event: 615.572 Loading class java/util/stream/ReferencePipeline$15 done
Event: 615.573 Loading class java/util/stream/ReferencePipeline$15$1
Event: 615.573 Loading class java/util/stream/ReferencePipeline$15$1 done
Event: 1240.272 Loading class java/util/concurrent/ConcurrentHashMap$TreeNode
Event: 1240.274 Loading class java/util/concurrent/ConcurrentHashMap$TreeNode done
Event: 1240.274 Loading class java/util/concurrent/ConcurrentHashMap$TreeBin
Event: 1240.276 Loading class java/util/concurrent/ConcurrentHashMap$TreeBin done
Event: 1242.127 Loading class java/util/Collections$EmptyListIterator
Event: 1242.172 Loading class java/util/Collections$EmptyListIterator done
Event: 1251.379 Loading class java/lang/Throwable$WrappedPrintWriter
Event: 1251.380 Loading class java/lang/Throwable$PrintStreamOrWriter
Event: 1251.380 Loading class java/lang/Throwable$PrintStreamOrWriter done
Event: 1251.380 Loading class java/lang/Throwable$WrappedPrintWriter done
Event: 13121.606 Loading class java/util/ArrayDeque$DeqSpliterator
Event: 13121.610 Loading class java/util/ArrayDeque$DeqSpliterator done

Classes unloaded (20 events):
Event: 1331.135 Thread 0x000002ae12070e30 Unloading class 0x000002ae28829000 'java/lang/invoke/LambdaForm$MH+0x000002ae28829000'
Event: 1331.135 Thread 0x000002ae12070e30 Unloading class 0x000002ae28828800 'java/lang/invoke/LambdaForm$MH+0x000002ae28828800'
Event: 1331.135 Thread 0x000002ae12070e30 Unloading class 0x000002ae28828400 'java/lang/invoke/LambdaForm$MH+0x000002ae28828400'
Event: 1331.135 Thread 0x000002ae12070e30 Unloading class 0x000002ae28828000 'java/lang/invoke/LambdaForm$MH+0x000002ae28828000'
Event: 1331.135 Thread 0x000002ae12070e30 Unloading class 0x000002ae2872c000 'java/lang/invoke/LambdaForm$MH+0x000002ae2872c000'
Event: 1331.135 Thread 0x000002ae12070e30 Unloading class 0x000002ae286c5000 'java/lang/invoke/LambdaForm$MH+0x000002ae286c5000'
Event: 1331.135 Thread 0x000002ae12070e30 Unloading class 0x000002ae286c4800 'java/lang/invoke/LambdaForm$MH+0x000002ae286c4800'
Event: 1331.135 Thread 0x000002ae12070e30 Unloading class 0x000002ae286c4400 'java/lang/invoke/LambdaForm$MH+0x000002ae286c4400'
Event: 1331.135 Thread 0x000002ae12070e30 Unloading class 0x000002ae286c4000 'java/lang/invoke/LambdaForm$MH+0x000002ae286c4000'
Event: 1331.135 Thread 0x000002ae12070e30 Unloading class 0x000002ae2862d000 'java/lang/invoke/LambdaForm$MH+0x000002ae2862d000'
Event: 1331.135 Thread 0x000002ae12070e30 Unloading class 0x000002ae281ad000 'java/lang/invoke/LambdaForm$MH+0x000002ae281ad000'
Event: 1331.135 Thread 0x000002ae12070e30 Unloading class 0x000002ae281acc00 'java/lang/invoke/LambdaForm$MH+0x000002ae281acc00'
Event: 1331.135 Thread 0x000002ae12070e30 Unloading class 0x000002ae28082400 'java/lang/invoke/LambdaForm$MH+0x000002ae28082400'
Event: 1331.135 Thread 0x000002ae12070e30 Unloading class 0x000002ae28081c00 'java/lang/invoke/LambdaForm$MH+0x000002ae28081c00'
Event: 1331.135 Thread 0x000002ae12070e30 Unloading class 0x000002ae28081800 'java/lang/invoke/LambdaForm$MH+0x000002ae28081800'
Event: 1331.135 Thread 0x000002ae12070e30 Unloading class 0x000002ae28081400 'java/lang/invoke/LambdaForm$MH+0x000002ae28081400'
Event: 1331.135 Thread 0x000002ae12070e30 Unloading class 0x000002ae28081000 'java/lang/invoke/LambdaForm$MH+0x000002ae28081000'
Event: 1331.135 Thread 0x000002ae12070e30 Unloading class 0x000002ae28080800 'java/lang/invoke/LambdaForm$MH+0x000002ae28080800'
Event: 1331.135 Thread 0x000002ae12070e30 Unloading class 0x000002ae28080400 'java/lang/invoke/LambdaForm$MH+0x000002ae28080400'
Event: 1331.135 Thread 0x000002ae12070e30 Unloading class 0x000002ae28080000 'java/lang/invoke/LambdaForm$MH+0x000002ae28080000'

Classes redefined (0 events):
No events

Internal exceptions (20 events):
Event: 13110.991 Thread 0x000002ae6ec26f80 Implicit null exception at 0x000002ae1721223b to 0x000002ae17212405
Event: 13110.991 Thread 0x000002ae6ec26f80 Exception <a 'java/lang/NullPointerException'{0x00000000eadc1ad0}> (0x00000000eadc1ad0) 
thrown [s\src\hotspot\share\runtime\sharedRuntime.cpp, line 625]
Event: 13111.011 Thread 0x000002ae6ec26f80 Exception <a 'java/lang/ClassNotFoundException'{0x00000000eadc9940}: sun/util/logging/resources/spi/loggingProvider> (0x00000000eadc9940) 
thrown [s\src\hotspot\share\classfile\systemDictionary.cpp, line 312]
Event: 13111.011 Thread 0x000002ae6ec26f80 Implicit null exception at 0x000002ae1d3d901d to 0x000002ae1d3d9444
Event: 13111.444 Thread 0x000002ae6ec2b7b0 Implicit null exception at 0x000002ae1721223b to 0x000002ae17212405
Event: 13111.444 Thread 0x000002ae6ec2b7b0 Exception <a 'java/lang/NullPointerException'{0x00000000ead317b8}> (0x00000000ead317b8) 
thrown [s\src\hotspot\share\runtime\sharedRuntime.cpp, line 625]
Event: 13113.167 Thread 0x000002ae6de685d0 Exception <a 'sun/nio/fs/WindowsException'{0x00000000eacc93b8}> (0x00000000eacc93b8) 
thrown [s\src\hotspot\share\prims\jni.cpp, line 520]
Event: 13113.375 Thread 0x000002ae6de685d0 Exception <a 'sun/nio/fs/WindowsException'{0x00000000ead8f538}> (0x00000000ead8f538) 
thrown [s\src\hotspot\share\prims\jni.cpp, line 520]
Event: 13114.638 Thread 0x000002ae6de685d0 Exception <a 'sun/nio/fs/WindowsException'{0x00000000eabe39e0}> (0x00000000eabe39e0) 
thrown [s\src\hotspot\share\prims\jni.cpp, line 520]
Event: 13114.887 Thread 0x000002ae6de685d0 Exception <a 'sun/nio/fs/WindowsException'{0x00000000eab18668}> (0x00000000eab18668) 
thrown [s\src\hotspot\share\prims\jni.cpp, line 520]
Event: 13117.433 Thread 0x000002ae6de685d0 Exception <a 'sun/nio/fs/WindowsException'{0x00000000eabe1888}> (0x00000000eabe1888) 
thrown [s\src\hotspot\share\prims\jni.cpp, line 520]
Event: 13117.687 Thread 0x000002ae6de685d0 Exception <a 'sun/nio/fs/WindowsException'{0x00000000eac573f8}> (0x00000000eac573f8) 
thrown [s\src\hotspot\share\prims\jni.cpp, line 520]
Event: 13120.960 Thread 0x000002ae6de685d0 Exception <a 'sun/nio/fs/WindowsException'{0x00000000eaca11e0}> (0x00000000eaca11e0) 
thrown [s\src\hotspot\share\prims\jni.cpp, line 520]
Event: 13121.034 Thread 0x000002ae6ec2d1f0 Implicit null exception at 0x000002ae1dae735a to 0x000002ae1dae73b5
Event: 13121.034 Thread 0x000002ae6ec2d1f0 Implicit null exception at 0x000002ae1cff660d to 0x000002ae1cff7e34
Event: 13121.193 Thread 0x000002ae6f4b3470 Exception <a 'java/lang/IncompatibleClassChangeError'{0x00000000eacc50c0}: Found class java.lang.Object, but interface was expected> (0x00000000eacc50c0) 
thrown [s\src\hotspot\share\interpreter\linkResolver.cpp, line 840]
Event: 13121.235 Thread 0x000002ae6de685d0 Exception <a 'sun/nio/fs/WindowsException'{0x00000000eacbad70}> (0x00000000eacbad70) 
thrown [s\src\hotspot\share\prims\jni.cpp, line 520]
Event: 13121.351 Thread 0x000002ae6ec2b7b0 Exception <a 'sun/nio/fs/WindowsException'{0x00000000eab5b4e0}> (0x00000000eab5b4e0) 
thrown [s\src\hotspot\share\prims\jni.cpp, line 520]
Event: 13121.600 Thread 0x000002ae6f4b3470 Implicit null exception at 0x000002ae1d31e483 to 0x000002ae1d31eaac
Event: 13121.649 Thread 0x000002ae6fc194f0 Implicit null exception at 0x000002ae1d726e4c to 0x000002ae1d729f48

ZGC Phase Switch (0 events):
No events

VM Operations (20 events):
Event: 13120.733 Executing VM operation: ParallelGCFailedAllocation (Allocation Failure) done
Event: 13120.983 Executing VM operation: ParallelGCFailedAllocation (Allocation Failure)
Event: 13120.991 Executing VM operation: ParallelGCFailedAllocation (Allocation Failure) done
Event: 13121.016 Executing VM operation: ParallelGCFailedAllocation (Allocation Failure)
Event: 13121.026 Executing VM operation: ParallelGCFailedAllocation (Allocation Failure) done
Event: 13121.038 Executing VM operation: ParallelGCFailedAllocation (Allocation Failure)
Event: 13121.045 Executing VM operation: ParallelGCFailedAllocation (Allocation Failure) done
Event: 13121.063 Executing VM operation: ParallelGCFailedAllocation (Allocation Failure)
Event: 13121.074 Executing VM operation: ParallelGCFailedAllocation (Allocation Failure) done
Event: 13121.143 Executing VM operation: ParallelGCFailedAllocation (Allocation Failure)
Event: 13121.143 Executing VM operation: ParallelGCFailedAllocation (Allocation Failure) done
Event: 13121.143 Executing VM operation: ParallelGCSystemGC (GCLocker Initiated GC)
Event: 13121.151 Executing VM operation: ParallelGCSystemGC (GCLocker Initiated GC) done
Event: 13121.163 Executing VM operation: ParallelGCFailedAllocation (Allocation Failure)
Event: 13121.171 Executing VM operation: ParallelGCFailedAllocation (Allocation Failure) done
Event: 13121.242 Executing VM operation: ParallelGCFailedAllocation (Allocation Failure)
Event: 13121.250 Executing VM operation: ParallelGCFailedAllocation (Allocation Failure) done
Event: 13121.624 Executing VM operation: ParallelGCFailedAllocation (Allocation Failure)
Event: 13121.635 Executing VM operation: ParallelGCFailedAllocation (Allocation Failure) done
Event: 13121.742 Executing VM operation: ParallelGCFailedAllocation (Allocation Failure)

Memory protections (0 events):
No events

Nmethod flushes (20 events):
Event: 1331.279 Thread 0x000002ae12070e30 flushing  nmethod 0x000002ae1782c790
Event: 1331.279 Thread 0x000002ae12070e30 flushing  nmethod 0x000002ae1782ce90
Event: 1331.279 Thread 0x000002ae12070e30 flushing  nmethod 0x000002ae17846810
Event: 1331.279 Thread 0x000002ae12070e30 flushing  nmethod 0x000002ae17847610
Event: 1331.279 Thread 0x000002ae12070e30 flushing  nmethod 0x000002ae17847a10
Event: 1331.279 Thread 0x000002ae12070e30 flushing  nmethod 0x000002ae17858410
Event: 1331.279 Thread 0x000002ae12070e30 flushing  nmethod 0x000002ae17862d90
Event: 1331.279 Thread 0x000002ae12070e30 flushing  nmethod 0x000002ae17863290
Event: 1331.279 Thread 0x000002ae12070e30 flushing  nmethod 0x000002ae1787bc90
Event: 1331.279 Thread 0x000002ae12070e30 flushing  nmethod 0x000002ae1787e110
Event: 1331.279 Thread 0x000002ae12070e30 flushing  nmethod 0x000002ae178abb10
Event: 1331.279 Thread 0x000002ae12070e30 flushing  nmethod 0x000002ae178aca10
Event: 1331.279 Thread 0x000002ae12070e30 flushing  nmethod 0x000002ae178b6810
Event: 1331.279 Thread 0x000002ae12070e30 flushing  nmethod 0x000002ae1790dd90
Event: 1331.279 Thread 0x000002ae12070e30 flushing  nmethod 0x000002ae1790f410
Event: 1331.279 Thread 0x000002ae12070e30 flushing  nmethod 0x000002ae1790fb10
Event: 1331.279 Thread 0x000002ae12070e30 flushing  nmethod 0x000002ae17916190
Event: 1331.279 Thread 0x000002ae12070e30 flushing  nmethod 0x000002ae17926490
Event: 1331.279 Thread 0x000002ae12070e30 flushing  nmethod 0x000002ae17943190
Event: 1331.279 Thread 0x000002ae12070e30 flushing  nmethod 0x000002ae1794ef90

Events (20 events):
Event: 13098.622 Thread 0x000002ae6fc16070 Thread added: 0x000002ae6fc18140
Event: 13099.912 Thread 0x000002ae6ec26f80 Thread exited: 0x000002ae6ec26f80
Event: 13100.156 Thread 0x000002ae6f4b3470 Thread added: 0x000002ae6ec2d1f0
Event: 13100.255 Thread 0x000002ae6f4b3470 Thread added: 0x000002ae6ec29d70
Event: 13100.266 Thread 0x000002ae6f4b3470 Thread added: 0x000002ae6ec28330
Event: 13100.268 Thread 0x000002ae6ec28330 Thread added: 0x000002ae6ec2b7b0
Event: 13100.715 Thread 0x000002ae6f4b3470 Thread added: 0x000002ae6ec26f80
Event: 13101.887 Thread 0x000002ae6f4b3470 Thread added: 0x000002ae6ec26260
Event: 13102.001 Thread 0x000002ae6fc194f0 Thread added: 0x000002ae6ec289c0
Event: 13102.018 Thread 0x000002ae6fc194f0 Thread added: 0x000002ae6ec2be40
Event: 13103.018 Thread 0x000002ae6de685d0 Thread added: 0x000002ae6ec2c4d0
Event: 13103.122 Thread 0x000002ae6fc194f0 Thread added: 0x000002ae6ec29050
Event: 13110.588 Thread 0x000002ae6fc194f0 Thread added: 0x000002ae6ec2a400
Event: 13110.745 Thread 0x000002ae263be450 Thread added: 0x000002ae70f7b910
Event: 13110.746 Thread 0x000002ae263be450 Thread added: 0x000002ae70f7bfe0
Event: 13111.559 Thread 0x000002ae70f7bfe0 Thread exited: 0x000002ae70f7bfe0
Event: 13112.111 Thread 0x000002ae70f7b910 Thread exited: 0x000002ae70f7b910
Event: 13113.265 Thread 0x000002ae6fc194f0 Thread added: 0x000002ae6d4b6470
Event: 13114.697 Thread 0x000002ae6ec26260 Thread added: 0x000002ae6d4b5de0
Event: 13117.572 Thread 0x000002ae6fc194f0 Thread added: 0x000002ae6d4b4a30


Dynamic libraries:
0x00007ff76f410000 - 0x00007ff76f41e000 	c:\Users\hemant11ks\.vscode\extensions\redhat.java-1.42.0-win32-x64\jre\21.0.7-win32-x86_64\bin\java.exe
0x00007ffc939f0000 - 0x00007ffc93c07000 	C:\WINDOWS\SYSTEM32\ntdll.dll
0x00007ffc923f0000 - 0x00007ffc924b4000 	C:\WINDOWS\System32\KERNEL32.DLL
0x00007ffc91150000 - 0x00007ffc91523000 	C:\WINDOWS\System32\KERNELBASE.dll
0x00007ffc91560000 - 0x00007ffc91671000 	C:\WINDOWS\System32\ucrtbase.dll
0x00007ffc7b130000 - 0x00007ffc7b148000 	c:\Users\hemant11ks\.vscode\extensions\redhat.java-1.42.0-win32-x64\jre\21.0.7-win32-x86_64\bin\jli.dll
0x00007ffc924c0000 - 0x00007ffc92671000 	C:\WINDOWS\System32\USER32.dll
0x00007ffc90ea0000 - 0x00007ffc90ec6000 	C:\WINDOWS\System32\win32u.dll
0x00007ffc91da0000 - 0x00007ffc91dc9000 	C:\WINDOWS\System32\GDI32.dll
0x00007ffc90d70000 - 0x00007ffc90e94000 	C:\WINDOWS\System32\gdi32full.dll
0x00007ffc90cd0000 - 0x00007ffc90d6a000 	C:\WINDOWS\System32\msvcp_win.dll
0x00007ffc6daa0000 - 0x00007ffc6dabe000 	c:\Users\hemant11ks\.vscode\extensions\redhat.java-1.42.0-win32-x64\jre\21.0.7-win32-x86_64\bin\VCRUNTIME140.dll
0x00007ffc8fe00000 - 0x00007ffc9009b000 	C:\WINDOWS\WinSxS\amd64_microsoft.windows.common-controls_6595b64144ccf1df_6.0.22621.5240_none_2710eadf7384a318\COMCTL32.dll
0x00007ffc92340000 - 0x00007ffc923e7000 	C:\WINDOWS\System32\msvcrt.dll
0x00007ffc931e0000 - 0x00007ffc93211000 	C:\WINDOWS\System32\IMM32.DLL
0x00007ffc7b180000 - 0x00007ffc7b18c000 	c:\Users\hemant11ks\.vscode\extensions\redhat.java-1.42.0-win32-x64\jre\21.0.7-win32-x86_64\bin\vcruntime140_1.dll
0x00007ffc58c00000 - 0x00007ffc58c8d000 	c:\Users\hemant11ks\.vscode\extensions\redhat.java-1.42.0-win32-x64\jre\21.0.7-win32-x86_64\bin\msvcp140.dll
0x00007ffc07c70000 - 0x00007ffc08a00000 	c:\Users\hemant11ks\.vscode\extensions\redhat.java-1.42.0-win32-x64\jre\21.0.7-win32-x86_64\bin\server\jvm.dll
0x00007ffc91a20000 - 0x00007ffc91ad1000 	C:\WINDOWS\System32\ADVAPI32.dll
0x00007ffc932d0000 - 0x00007ffc93377000 	C:\WINDOWS\System32\sechost.dll
0x00007ffc91530000 - 0x00007ffc91558000 	C:\WINDOWS\System32\bcrypt.dll
0x00007ffc918f0000 - 0x00007ffc91a04000 	C:\WINDOWS\System32\RPCRT4.dll
0x00007ffc91ae0000 - 0x00007ffc91b51000 	C:\WINDOWS\System32\WS2_32.dll
0x00007ffc909b0000 - 0x00007ffc909fd000 	C:\WINDOWS\SYSTEM32\POWRPROF.dll
0x00007ffc8bee0000 - 0x00007ffc8bf14000 	C:\WINDOWS\SYSTEM32\WINMM.dll
0x00007ffc8d0d0000 - 0x00007ffc8d0da000 	C:\WINDOWS\SYSTEM32\VERSION.dll
0x00007ffc90990000 - 0x00007ffc909a3000 	C:\WINDOWS\SYSTEM32\UMPDC.dll
0x00007ffc8ebd0000 - 0x00007ffc8ebe8000 	C:\WINDOWS\SYSTEM32\kernel.appcore.dll
0x00007ffc7b0e0000 - 0x00007ffc7b0ea000 	c:\Users\hemant11ks\.vscode\extensions\redhat.java-1.42.0-win32-x64\jre\21.0.7-win32-x86_64\bin\jimage.dll
0x00007ffc90350000 - 0x00007ffc90582000 	C:\WINDOWS\SYSTEM32\DBGHELP.DLL
0x00007ffc91de0000 - 0x00007ffc92173000 	C:\WINDOWS\System32\combase.dll
0x00007ffc92680000 - 0x00007ffc92757000 	C:\WINDOWS\System32\OLEAUT32.dll
0x00007ffc90240000 - 0x00007ffc90272000 	C:\WINDOWS\SYSTEM32\dbgcore.DLL
0x00007ffc90ae0000 - 0x00007ffc90b5b000 	C:\WINDOWS\System32\bcryptPrimitives.dll
0x00007ffc78bc0000 - 0x00007ffc78bcf000 	c:\Users\hemant11ks\.vscode\extensions\redhat.java-1.42.0-win32-x64\jre\21.0.7-win32-x86_64\bin\instrument.dll
0x00007ffc6c040000 - 0x00007ffc6c05f000 	c:\Users\hemant11ks\.vscode\extensions\redhat.java-1.42.0-win32-x64\jre\21.0.7-win32-x86_64\bin\java.dll
0x00007ffc92760000 - 0x00007ffc93002000 	C:\WINDOWS\System32\SHELL32.dll
0x00007ffc91010000 - 0x00007ffc9114f000 	C:\WINDOWS\System32\wintypes.dll
0x00007ffc8dab0000 - 0x00007ffc8e3cd000 	C:\WINDOWS\SYSTEM32\windows.storage.dll
0x00007ffc930d0000 - 0x00007ffc931db000 	C:\WINDOWS\System32\SHCORE.dll
0x00007ffc93940000 - 0x00007ffc939a9000 	C:\WINDOWS\System32\shlwapi.dll
0x00007ffc90a10000 - 0x00007ffc90a3b000 	C:\WINDOWS\SYSTEM32\profapi.dll
0x00007ffc6bee0000 - 0x00007ffc6bef8000 	c:\Users\hemant11ks\.vscode\extensions\redhat.java-1.42.0-win32-x64\jre\21.0.7-win32-x86_64\bin\zip.dll
0x00007ffc78260000 - 0x00007ffc78270000 	C:\Users\hemant11ks\.vscode\extensions\redhat.java-1.42.0-win32-x64\jre\21.0.7-win32-x86_64\bin\net.dll
0x00007ffc8bc60000 - 0x00007ffc8bd8c000 	C:\WINDOWS\SYSTEM32\WINHTTP.dll
0x00007ffc8f040000 - 0x00007ffc8f0aa000 	C:\WINDOWS\system32\mswsock.dll
0x00007ffc6a3c0000 - 0x00007ffc6a3d6000 	C:\Users\hemant11ks\.vscode\extensions\redhat.java-1.42.0-win32-x64\jre\21.0.7-win32-x86_64\bin\nio.dll
0x00007ffc775c0000 - 0x00007ffc775d0000 	c:\Users\hemant11ks\.vscode\extensions\redhat.java-1.42.0-win32-x64\jre\21.0.7-win32-x86_64\bin\verify.dll
0x00007ffc50f70000 - 0x00007ffc50fb5000 	C:\Users\hemant11ks\AppData\Roaming\Code\User\globalStorage\redhat.java\1.42.0\config_win\org.eclipse.equinox.launcher\org.eclipse.equinox.launcher.win32.win32.x86_64_1.2.1300.v20250331-1702\eclipse_11911.dll
0x00007ffc91bf0000 - 0x00007ffc91d91000 	C:\WINDOWS\System32\ole32.dll
0x00007ffc7b250000 - 0x00007ffc7b25a000 	C:\Users\hemant11ks\.vscode\extensions\redhat.java-1.42.0-win32-x64\jre\21.0.7-win32-x86_64\bin\management.dll
0x00007ffc76b30000 - 0x00007ffc76b3b000 	C:\Users\hemant11ks\.vscode\extensions\redhat.java-1.42.0-win32-x64\jre\21.0.7-win32-x86_64\bin\management_ext.dll
0x00007ffc91be0000 - 0x00007ffc91be8000 	C:\WINDOWS\System32\PSAPI.DLL
0x00007ffc90690000 - 0x00007ffc906ab000 	C:\WINDOWS\SYSTEM32\CRYPTSP.dll
0x00007ffc8eb30000 - 0x00007ffc8eb67000 	C:\WINDOWS\system32\rsaenh.dll
0x00007ffc8f130000 - 0x00007ffc8f158000 	C:\WINDOWS\SYSTEM32\USERENV.dll
0x00007ffc8fb10000 - 0x00007ffc8fb1c000 	C:\WINDOWS\SYSTEM32\CRYPTBASE.dll
0x00007ffc8e620000 - 0x00007ffc8e64d000 	C:\WINDOWS\SYSTEM32\IPHLPAPI.DLL
0x00007ffc91a10000 - 0x00007ffc91a19000 	C:\WINDOWS\System32\NSI.dll
0x00007ffc4a550000 - 0x00007ffc4a599000 	C:\Users\hemant11ks\AppData\Local\Temp\jna--987687713\jna233300658077169613.dll
0x00007ffc8bc20000 - 0x00007ffc8bc39000 	C:\WINDOWS\SYSTEM32\dhcpcsvc6.DLL
0x00007ffc8bc00000 - 0x00007ffc8bc1f000 	C:\WINDOWS\SYSTEM32\dhcpcsvc.DLL
0x00007ffc76160000 - 0x00007ffc7616e000 	C:\Users\hemant11ks\.vscode\extensions\redhat.java-1.42.0-win32-x64\jre\21.0.7-win32-x86_64\bin\sunmscapi.dll
0x00007ffc90b60000 - 0x00007ffc90cc7000 	C:\WINDOWS\System32\CRYPT32.dll
0x00007ffc8fca0000 - 0x00007ffc8fccd000 	C:\WINDOWS\SYSTEM32\ncrypt.dll
0x00007ffc8fc60000 - 0x00007ffc8fc97000 	C:\WINDOWS\SYSTEM32\NTASN1.dll
0x00007ffc8e650000 - 0x00007ffc8e748000 	C:\WINDOWS\SYSTEM32\DNSAPI.dll
0x00007ffc75e70000 - 0x00007ffc75e7a000 	C:\Windows\System32\rasadhlp.dll
0x00007ffc8b5a0000 - 0x00007ffc8b623000 	C:\WINDOWS\System32\fwpuclnt.dll
0x00007ffc76020000 - 0x00007ffc76029000 	C:\Users\hemant11ks\.vscode\extensions\redhat.java-1.42.0-win32-x64\jre\21.0.7-win32-x86_64\bin\extnet.dll

dbghelp: loaded successfully - version: 4.0.5 - missing functions: none
symbol engine: initialized successfully - sym options: 0x614 - pdb path: .;c:\Users\hemant11ks\.vscode\extensions\redhat.java-1.42.0-win32-x64\jre\21.0.7-win32-x86_64\bin;C:\WINDOWS\SYSTEM32;C:\WINDOWS\WinSxS\amd64_microsoft.windows.common-controls_6595b64144ccf1df_6.0.22621.5240_none_2710eadf7384a318;c:\Users\hemant11ks\.vscode\extensions\redhat.java-1.42.0-win32-x64\jre\21.0.7-win32-x86_64\bin\server;C:\Users\hemant11ks\AppData\Roaming\Code\User\globalStorage\redhat.java\1.42.0\config_win\org.eclipse.equinox.launcher\org.eclipse.equinox.launcher.win32.win32.x86_64_1.2.1300.v20250331-1702;C:\Users\hemant11ks\AppData\Local\Temp\jna--987687713

VM Arguments:
jvm_args: --add-modules=ALL-SYSTEM --add-opens=java.base/java.util=ALL-UNNAMED --add-opens=java.base/java.lang=ALL-UNNAMED --add-opens=java.base/sun.nio.fs=ALL-UNNAMED -Declipse.application=org.eclipse.jdt.ls.core.id1 -Dosgi.bundles.defaultStartLevel=4 -Declipse.product=org.eclipse.jdt.ls.core.product -Djava.import.generatesMetadataFilesAtProjectRoot=false -DDetectVMInstallationsJob.disabled=true -Dfile.encoding=utf8 -XX:+UseParallelGC -XX:GCTimeRatio=4 -XX:AdaptiveSizePolicyWeight=90 -Dsun.zip.disableMemoryMapping=true -Xmx1G -Xms100m -Xlog:disable -javaagent:c:\Users\hemant11ks\.vscode\extensions\redhat.java-1.42.0-win32-x64\lombok\lombok-1.18.36.jar -XX:+HeapDumpOnOutOfMemoryError -XX:HeapDumpPath=c:\Users\hemant11ks\AppData\Roaming\Code\User\workspaceStorage\962715961072f75c3eb1a2e68c81d834\redhat.java -Daether.dependencyCollector.impl=bf 
java_command: c:\Users\hemant11ks\.vscode\extensions\redhat.java-1.42.0-win32-x64\server\plugins\org.eclipse.equinox.launcher_1.7.0.v20250424-1814.jar -configuration c:\Users\hemant11ks\AppData\Roaming\Code\User\globalStorage\redhat.java\1.42.0\config_win -data c:\Users\hemant11ks\AppData\Roaming\Code\User\workspaceStorage\962715961072f75c3eb1a2e68c81d834\redhat.java\jdt_ws --pipe=\\.\pipe\lsp-8d007a50ad283fe72fbdec8b7124d84a-sock
java_class_path (initial): c:\Users\hemant11ks\.vscode\extensions\redhat.java-1.42.0-win32-x64\server\plugins\org.eclipse.equinox.launcher_1.7.0.v20250424-1814.jar
Launcher Type: SUN_STANDARD

[Global flags]
    uintx AdaptiveSizePolicyWeight                 = 90                                        {product} {command line}
     intx CICompilerCount                          = 4                                         {product} {ergonomic}
    uintx GCTimeRatio                              = 4                                         {product} {command line}
     bool HeapDumpOnOutOfMemoryError               = true                                   {manageable} {command line}
    ccstr HeapDumpPath                             = c:\Users\hemant11ks\AppData\Roaming\Code\User\workspaceStorage\962715961072f75c3eb1a2e68c81d834\redhat.java         {manageable} {command line}
   size_t InitialHeapSize                          = 104857600                                 {product} {command line}
   size_t MaxHeapSize                              = 1073741824                                {product} {command line}
   size_t MaxNewSize                               = 357564416                                 {product} {ergonomic}
   size_t MinHeapDeltaBytes                        = 524288                                    {product} {ergonomic}
   size_t MinHeapSize                              = 104857600                                 {product} {command line}
   size_t NewSize                                  = 34603008                                  {product} {ergonomic}
    uintx NonNMethodCodeHeapSize                   = 5839372                                {pd product} {ergonomic}
    uintx NonProfiledCodeHeapSize                  = 122909434                              {pd product} {ergonomic}
   size_t OldSize                                  = 70254592                                  {product} {ergonomic}
    uintx ProfiledCodeHeapSize                     = 122909434                              {pd product} {ergonomic}
    uintx ReservedCodeCacheSize                    = 251658240                              {pd product} {ergonomic}
     bool SegmentedCodeCache                       = true                                      {product} {ergonomic}
   size_t SoftMaxHeapSize                          = 1073741824                             {manageable} {ergonomic}
     bool UseCompressedOops                        = true                           {product lp64_product} {ergonomic}
     bool UseLargePagesIndividualAllocation        = false                                  {pd product} {ergonomic}
     bool UseParallelGC                            = true                                      {product} {command line}

Logging:
Log output configuration:
 #0: stdout all=off uptime,level,tags foldmultilines=false
 #1: stderr all=off uptime,level,tags foldmultilines=false

Environment Variables:
JAVA_HOME=C:\Program Files\Java\jdk-21\bin
PATH=C:\WINDOWS\system32;C:\WINDOWS;C:\WINDOWS\System32\Wbem;C:\WINDOWS\System32\WindowsPowerShell\v1.0\;C:\WINDOWS\System32\OpenSSH\;C:\MinGW\bin;C:\Program Files\Microsoft VS Code\bin;C:\Program Files\MySQL\MySQL Server 8.0\bin;C:\Program Files (x86)\NVIDIA Corporation\PhysX\Common;C:\Program Files\Java\jdk-21\bin;C:\Program Files\mongosh\mongosh-1.8.0-win32-x64\bin;C:\Program Files\MongoDB\Server\6.0\bin;C:\Program Files\Git\cmd;C:\Android;C:\Windows\System32;C:\Program Files (x86)\Microsoft SQL Server\160\Tools\Binn\;C:\Program Files\Microsoft SQL Server\160\Tools\Binn\;C:\Program Files\Microsoft SQL Server\Client SDK\ODBC\170\Tools\Binn\;C:\Program Files\Microsoft SQL Server\160\DTS\Binn\;C:\Program Files (x86)\Microsoft SQL Server\160\DTS\Binn\;C:\Program Files\Azure Data Studio\bin;C:\Users\hemant11ks\AppData\Roaming\npm;C:\Program Files\apache-maven-3.9.8\bin;C:\Program Files\nodejs\;C:\Program Files\PuTTY\;C:\Program Files\Npcap;C:\Program Files (x86)\Nmap;C:\Program Files\Docker\Docker\resources\bin;c:\Users\hemant11ks\AppData\Local\Programs\Trae\bin;C:\Users\hemant11ks\AppData\Local\Programs\Python\Python312\Scripts\;C:\Users\hemant11ks\AppData\Local\Programs\Python\Python312\;C:\Users\hemant11ks\AppData\Local\Microsoft\WindowsApps;C:\Program Files\Azure Data Studio\bin;C:\Program Files\JetBrains\IntelliJ IDEA Community Edition 2023.3.6\bin;;C:\Users\hemant11ks\AppData\Local\Programs\oh-my-posh\bin;C:\Users\hemant11ks\.dotnet\tools;C:\Program Files\JetBrains\IntelliJ IDEA 2024.2.1\bin;;C:\Program Files\JetBrains\PyCharm 2024.2.1\bin;;C:\Program Files\JetBrains\WebStorm 2024.2.1\bin;;C:\Users\hemant11ks\AppData\Local\Microsoft\WinGet\Packages\Schniz.fnm_Microsoft.Winget.Source_8wekyb3d8bbwe;C:\Users\hemant11ks\AppData\Roaming\npm;C:\Program Files (x86)\Nmap;C:\Program Files\Npcap;C:\Users\hemant11ks\AppData\Local\Programs\cursor\resources\app\bin
USERNAME=hemant11ks
OS=Windows_NT
PROCESSOR_IDENTIFIER=AMD64 Family 23 Model 24 Stepping 1, AuthenticAMD
TMP=C:\Users\HEMANT~2\AppData\Local\Temp
TEMP=C:\Users\HEMANT~2\AppData\Local\Temp




Periodic native trim disabled

---------------  S Y S T E M  ---------------

OS:
 Windows 11 , 64 bit Build 22621 (10.0.22621.5305)
OS uptime: 14 days 3:28 hours
Hyper-V role detected

CPU: total 8 (initial active 8) (8 cores per cpu, 2 threads per core) family 23 model 24 stepping 1 microcode 0x0, cx8, cmov, fxsr, ht, mmx, 3dnowpref, sse, sse2, sse3, ssse3, sse4a, sse4.1, sse4.2, popcnt, lzcnt, tsc, tscinvbit, avx, avx2, aes, clmul, bmi1, bmi2, adx, sha, fma, vzeroupper, clflush, clflushopt, hv, rdtscp, f16c
Processor Information for the first 8 processors :
  Max Mhz: 2100, Current Mhz: 2100, Mhz Limit: 2100

Memory: 4k page, system-wide physical 6019M (599M free)
TotalPageFile size 17283M (AvailPageFile size 5894M)
current process WorkingSet (physical memory assigned to process): 436M, peak: 951M
current process commit charge ("private bytes"): 998M, peak: 1005M

vm_info: OpenJDK 64-Bit Server VM (21.0.7+6-LTS) for windows-amd64 JRE (21.0.7+6-LTS), built on 2025-04-15T00:00:00Z by "admin" with MS VC++ 17.7 (VS2022)

END.
